[INFO] Updating system...
[INFO] Installing packages...
[INFO] Backing up to: /home/rodwell/.dotfiles_backup_20260117_085148
[INFO] Backing up /home/rodwell/.config/fish...
[INFO] Linking .config/fish...
[INFO] Backing up /home/rodwell/.config/kitty...
[INFO] Linking .config/kitty...
[INFO] Backing up /home/rodwell/.config/hypr...
[INFO] Linking .config/hypr...
[INFO] Backing up /home/rodwell/.config/nvim...
[INFO] Linking .config/nvim...
[INFO] Backing up /home/rodwell/.config/waybar...
[INFO] Linking .config/waybar...
[INFO] Backing up /home/rodwell/.config/swaync...
[INFO] Linking .config/swaync...
[INFO] Backing up /home/rodwell/.config/wofi...
[INFO] Linking .config/wofi...
[INFO] Backing up /home/rodwell/.config/btop...
[INFO] Linking .config/btop...
[INFO] Backing up /home/rodwell/.config/cava...
[INFO] Linking .config/cava...
[INFO] Backing up /home/rodwell/.config/wal...
[INFO] Linking .config/wal...
[INFO] Backing up /home/rodwell/.config/starship.toml...
[INFO] Linking .config/starship.toml...
[INFO] Backing up /home/rodwell/wallpapers...
[INFO] Linking wallpapers...
[INFO] Backing up /home/rodwell/.local/bin...
[INFO] Linking .local/bin...
[INFO] Backing up /home/rodwell/.local/share/fonts...
[INFO] Linking .local/share/fonts...
[SUCCESS] Dotfiles linked!
[SUCCESS] Shell changed to Fish.
[SUCCESS] Installation complete!
[INFO] Updating system...
[INFO] Yay is already installed. Skipping installation.
[INFO] Checking for missing packages...
[INFO] hyprland is already installed. Skipping...
[INFO] waybar is already installed. Skipping...
[INFO] kitty is already installed. Skipping...
[INFO] fish is already installed. Skipping...
[INFO] neovim is already installed. Skipping...
[INFO] micro is already installed. Skipping...
[INFO] tofi is already installed. Skipping...
[INFO] wlogout is already installed. Skipping...
[INFO] wofi is already installed. Skipping...
[INFO] swaync is already installed. Skipping...
[INFO] btop is already installed. Skipping...
[INFO] cava is already installed. Skipping...
[INFO] mpd is already installed. Skipping...
[INFO] ncmpcpp is already installed. Skipping...
[INFO] clock-rs is missing. Adding to install list...
[INFO] python-pywal16 is already installed. Skipping...
[INFO] starship is already installed. Skipping...
[INFO] ttf-jetbrains-mono-nerd is already installed. Skipping...
[INFO] ttf-font-awesome is missing. Adding to install list...
[INFO] git is already installed. Skipping...
[INFO] base-devel is already installed. Skipping...
[INFO] pantheon-polkit-agent is already installed. Skipping...
[INFO] qt5-wayland is already installed. Skipping...
[INFO] qt6-wayland is already installed. Skipping...
[INFO] xdg-desktop-portal-hyprland is already installed. Skipping...
[INFO] brightnessctl is already installed. Skipping...
[INFO] playerctl is already installed. Skipping...
[INFO] Installing missing packages: clock-rs ttf-font-awesome
[INFO] Backing up to: /home/rodwell/.dotfiles_backup_20260117_100517
[INFO] Backing up /home/rodwell/.config/fish...
[INFO] Linking .config/fish...
[INFO] Backing up /home/rodwell/.config/kitty...
[INFO] Linking .config/kitty...
[INFO] Backing up /home/rodwell/.config/hypr...
[INFO] Linking .config/hypr...
[INFO] Backing up /home/rodwell/.config/nvim...
[INFO] Linking .config/nvim...
[INFO] Backing up /home/rodwell/.config/waybar...
[INFO] Linking .config/waybar...
[INFO] Backing up /home/rodwell/.config/swaync...
[INFO] Linking .config/swaync...
[INFO] Backing up /home/rodwell/.config/wofi...
[INFO] Linking .config/wofi...
[INFO] Backing up /home/rodwell/.config/tofi...
[INFO] Linking .config/tofi...
[INFO] Backing up /home/rodwell/.config/wlogout...
[INFO] Linking .config/wlogout...
[INFO] Backing up /home/rodwell/.config/btop...
[INFO] Linking .config/btop...
[INFO] Backing up /home/rodwell/.config/cava...
[INFO] Linking .config/cava...
[INFO] Backing up /home/rodwell/.config/wal...
[INFO] Linking .config/wal...
[INFO] Backing up /home/rodwell/.config/mpd...
[INFO] Linking .config/mpd...
[INFO] Backing up /home/rodwell/.config/ncmpcpp...
[INFO] Linking .config/ncmpcpp...
[INFO] Backing up /home/rodwell/.config/clock-rs...
[INFO] Linking .config/clock-rs...
[INFO] Backing up /home/rodwell/.config/starship.toml...
[INFO] Linking .config/starship.toml...
[INFO] Backing up /home/rodwell/.local/bin...
[INFO] Linking .local/bin...
[INFO] Backing up /home/rodwell/.local/share/fonts...
[INFO] Linking .local/share/fonts...
[SUCCESS] Dotfiles linked!
[SUCCESS] Shell changed to Fish.
[SUCCESS] Installation complete!
[INFO] Updating system...
[INFO] Yay is already installed. Skipping installation.
[INFO] Checking for missing packages...
[INFO] hyprland is already installed. Skipping...
[INFO] waybar is already installed. Skipping...
[INFO] kitty is already installed. Skipping...
[INFO] fish is already installed. Skipping...
[INFO] neovim is already installed. Skipping...
[INFO] micro is already installed. Skipping...
[INFO] tofi is already installed. Skipping...
[INFO] wlogout is already installed. Skipping...
[INFO] wofi is already installed. Skipping...
[INFO] swaync is already installed. Skipping...
[INFO] btop is already installed. Skipping...
[INFO] cava is already installed. Skipping...
[INFO] mpd is already installed. Skipping...
[INFO] ncmpcpp is already installed. Skipping...
[INFO] clock-rs-git is already installed. Skipping...
[INFO] python-pywal16 is already installed. Skipping...
[INFO] starship is already installed. Skipping...
[INFO] ttf-jetbrains-mono-nerd is already installed. Skipping...
[INFO] ttf-font-awesome is already installed. Skipping...
[INFO] git is already installed. Skipping...
[INFO] base-devel is already installed. Skipping...
[INFO] pantheon-polkit-agent is already installed. Skipping...
[INFO] qt5-wayland is already installed. Skipping...
[INFO] qt6-wayland is already installed. Skipping...
[INFO] xdg-desktop-portal-hyprland is already installed. Skipping...
[INFO] brightnessctl is already installed. Skipping...
[INFO] playerctl is already installed. Skipping...
[INFO] All packages are already installed.
[SUCCESS] Installation complete!
[INFO] Updating system...
[INFO] Yay is already installed. Skipping installation.
[INFO] Checking for missing packages...
[INFO] hyprland is already installed. Skipping...
[INFO] waybar is already installed. Skipping...
[INFO] kitty is already installed. Skipping...
[INFO] fish is already installed. Skipping...
[INFO] neovim is already installed. Skipping...
[INFO] micro is already installed. Skipping...
[INFO] tofi is already installed. Skipping...
[INFO] wlogout is already installed. Skipping...
[INFO] wofi is already installed. Skipping...
[INFO] swaync is already installed. Skipping...
[INFO] btop is already installed. Skipping...
[INFO] cava is already installed. Skipping...
[INFO] mpd is already installed. Skipping...
[INFO] ncmpcpp is already installed. Skipping...
[INFO] clock-rs-git is already installed. Skipping...
[INFO] nwg-look is already installed. Skipping...
[INFO] python-pywal16 is already installed. Skipping...
[INFO] starship is already installed. Skipping...
[INFO] ttf-jetbrains-mono-nerd is already installed. Skipping...
[INFO] ttf-font-awesome is already installed. Skipping...
[INFO] git is already installed. Skipping...
[INFO] base-devel is already installed. Skipping...
[INFO] pantheon-polkit-agent is already installed. Skipping...
[INFO] qt5-wayland is already installed. Skipping...
[INFO] qt6-wayland is already installed. Skipping...
[INFO] xdg-desktop-portal-hyprland is already installed. Skipping...
[INFO] brightnessctl is already installed. Skipping...
[INFO] playerctl is already installed. Skipping...
[INFO] All packages are already installed.
[INFO] Backing up to: /home/rodwell/.dotfiles_backup_20260117_111141
[INFO] Backing up /home/rodwell/.config/fish...
[INFO] Linking .config/fish...
[INFO] Backing up /home/rodwell/.config/kitty...
[INFO] Linking .config/kitty...
[INFO] Backing up /home/rodwell/.config/hypr...
[INFO] Linking .config/hypr...
[INFO] Backing up /home/rodwell/.config/nvim...
[INFO] Linking .config/nvim...
[INFO] Backing up /home/rodwell/.config/waybar...
[INFO] Linking .config/waybar...
[INFO] Backing up /home/rodwell/.config/swaync...
[INFO] Linking .config/swaync...
[INFO] Backing up /home/rodwell/.config/wofi...
[INFO] Linking .config/wofi...
[INFO] Backing up /home/rodwell/.config/tofi...
[INFO] Linking .config/tofi...
[INFO] Backing up /home/rodwell/.config/wlogout...
[INFO] Linking .config/wlogout...
[INFO] Backing up /home/rodwell/.config/btop...
[INFO] Linking .config/btop...
[INFO] Backing up /home/rodwell/.config/cava...
[INFO] Linking .config/cava...
[INFO] Backing up /home/rodwell/.config/wal...
[INFO] Linking .config/wal...
[INFO] Backing up /home/rodwell/.config/mpd...
[INFO] Linking .config/mpd...
[INFO] Backing up /home/rodwell/.config/ncmpcpp...
[INFO] Linking .config/ncmpcpp...
[INFO] Backing up /home/rodwell/.config/clock-rs...
[INFO] Linking .config/clock-rs...
[INFO] Backing up /home/rodwell/.config/nwg-look...
[INFO] Linking .config/nwg-look...
[INFO] Backing up /home/rodwell/.config/starship.toml...
[INFO] Linking .config/starship.toml...
[INFO] Backing up /home/rodwell/.local/bin...
[INFO] Linking .local/bin...
[INFO] Backing up /home/rodwell/.local/share/fonts...
[INFO] Linking .local/share/fonts...
[INFO] Linking themes...
[INFO] Linking theme Catppuccin-Mocha...
[SUCCESS] Dotfiles linked!
[SUCCESS] Shell changed to Fish.
[SUCCESS] Installation complete!
[INFO] Updating system...
[INFO] Chaotic AUR is already setup.
[INFO] Yay is already installed. Skipping installation.
[INFO] Checking for missing packages...
[INFO] hyprland is already installed. Skipping...
[INFO] waybar is already installed. Skipping...
[INFO] kitty is already installed. Skipping...
[INFO] fish is already installed. Skipping...
[INFO] neovim is already installed. Skipping...
[INFO] micro is already installed. Skipping...
[INFO] tofi is already installed. Skipping...
[INFO] wlogout is already installed. Skipping...
[INFO] wofi is already installed. Skipping...
[INFO] swaync is already installed. Skipping...
[INFO] btop is already installed. Skipping...
[INFO] cava is already installed. Skipping...
[INFO] nautilus is already installed. Skipping...
[INFO] mpd is already installed. Skipping...
[INFO] ncmpcpp is already installed. Skipping...
[INFO] clock-rs-git is already installed. Skipping...
[INFO] nwg-look is already installed. Skipping...
[INFO] bibata-cursor-theme is already installed. Skipping...
[INFO] clipvault-bin is already installed. Skipping...
[INFO] rxfetch is already installed. Skipping...
[INFO] zen-browser-bin is already installed. Skipping...
[INFO] sddm is already installed. Skipping...
[INFO] sddm-silent-theme is already installed. Skipping...
[INFO] python-pywal16 is already installed. Skipping...
[INFO] starship is already installed. Skipping...
[INFO] ttf-jetbrains-mono-nerd is already installed. Skipping...
[INFO] ttf-font-awesome is already installed. Skipping...
[INFO] git is already installed. Skipping...
[INFO] base-devel is already installed. Skipping...
[INFO] pantheon-polkit-agent is already installed. Skipping...
[INFO] qt5-wayland is already installed. Skipping...
[INFO] qt6-wayland is already installed. Skipping...
[INFO] xdg-desktop-portal-hyprland is already installed. Skipping...
[INFO] brightnessctl is already installed. Skipping...
[INFO] playerctl is already installed. Skipping...
[INFO] All packages are already installed.
[INFO] Checking for missing fonts...
[INFO] noto-fonts is already installed. Skipping...
[INFO] noto-fonts-cjk is already installed. Skipping...
[INFO] noto-fonts-emoji is already installed. Skipping...
[INFO] ttf-jetbrains-mono-nerd is already installed. Skipping...
[INFO] ttf-fira-code-nerd is missing. Adding to install list...
[INFO] ttf-hack-nerd is already installed. Skipping...
[INFO] ttf-iosevka-nerd is already installed. Skipping...
[INFO] otf-hermit-nerd is already installed. Skipping...
[INFO] otf-codenewroman-nerd is already installed. Skipping...
[INFO] ttf-nerd-fonts-symbols is already installed. Skipping...
[INFO] ttf-nerd-fonts-symbols-common is already installed. Skipping...
[INFO] apple-fonts is already installed. Skipping...
[INFO] ttf-ms-fonts is already installed. Skipping...
[INFO] ttf-roboto is missing. Adding to install list...
[INFO] ttf-ubuntu-font-family is missing. Adding to install list...
[INFO] inter-font is already installed. Skipping...
[INFO] Installing missing fonts: ttf-fira-code-nerd ttf-roboto ttf-ubuntu-font-family
[INFO] Enabling SDDM service...
[INFO] Configuring SDDM theme...
[SUCCESS] SDDM setup complete.
[INFO] Backing up to: /home/rodwell/.dotfiles_backup_20260117_121815
[INFO] Backing up /home/rodwell/.config/fish...
[INFO] Linking .config/fish...
[INFO] Backing up /home/rodwell/.config/kitty...
[INFO] Linking .config/kitty...
[INFO] Backing up /home/rodwell/.config/hypr...
[INFO] Linking .config/hypr...
[INFO] Backing up /home/rodwell/.config/nvim...
[INFO] Linking .config/nvim...
[INFO] Backing up /home/rodwell/.config/waybar...
[INFO] Linking .config/waybar...
[INFO] Backing up /home/rodwell/.config/swaync...
[INFO] Linking .config/swaync...
[INFO] Backing up /home/rodwell/.config/wofi...
[INFO] Linking .config/wofi...
[INFO] Backing up /home/rodwell/.config/tofi...
[INFO] Linking .config/tofi...
[INFO] Backing up /home/rodwell/.config/wlogout...
[INFO] Linking .config/wlogout...
[INFO] Backing up /home/rodwell/.config/btop...
[INFO] Linking .config/btop...
[INFO] Backing up /home/rodwell/.config/cava...
[INFO] Linking .config/cava...
[INFO] Backing up /home/rodwell/.config/wal...
[INFO] Linking .config/wal...
[INFO] Backing up /home/rodwell/.config/mpd...
[INFO] Linking .config/mpd...
[INFO] Backing up /home/rodwell/.config/ncmpcpp...
[INFO] Linking .config/ncmpcpp...
[INFO] Backing up /home/rodwell/.config/clock-rs...
[INFO] Linking .config/clock-rs...
[INFO] Backing up /home/rodwell/.config/nwg-look...
[INFO] Linking .config/nwg-look...
[INFO] Backing up /home/rodwell/.config/starship.toml...
[INFO] Linking .config/starship.toml...
[INFO] Linking wallpapers...
[INFO] Backing up /home/rodwell/.local/bin...
[INFO] Linking .local/bin...
[INFO] Backing up /home/rodwell/.local/share/fonts...
[INFO] Linking .local/share/fonts...
[INFO] Linking themes...
[INFO] Backing up existing theme Catppuccin-Mocha...
[INFO] Linking theme Catppuccin-Mocha...
[SUCCESS] Dotfiles linked!
[SUCCESS] Shell changed to Fish.
[SUCCESS] Installation complete!
[INFO] Updating system...
[INFO] Chaotic AUR is already setup.
[INFO] Yay is already installed. Skipping installation.
[INFO] Checking for missing packages...
[INFO] hyprland is already installed. Skipping...
[INFO] waybar is already installed. Skipping...
[INFO] kitty is already installed. Skipping...
[INFO] fish is already installed. Skipping...
[INFO] neovim is already installed. Skipping...
[INFO] micro is already installed. Skipping...
[INFO] tofi is already installed. Skipping...
[INFO] wlogout is already installed. Skipping...
[INFO] wofi is already installed. Skipping...
[INFO] swaync is already installed. Skipping...
[INFO] btop is already installed. Skipping...
[INFO] cava is already installed. Skipping...
[INFO] nautilus is already installed. Skipping...
[INFO] mpd is already installed. Skipping...
[INFO] ncmpcpp is already installed. Skipping...
[INFO] clock-rs-git is already installed. Skipping...
[INFO] nwg-look is already installed. Skipping...
[INFO] bibata-cursor-theme is already installed. Skipping...
[INFO] clipvault-bin is already installed. Skipping...
[INFO] rxfetch is already installed. Skipping...
[INFO] zen-browser-bin is already installed. Skipping...
[INFO] sddm is already installed. Skipping...
[INFO] sddm-silent-theme is already installed. Skipping...
[INFO] python-pywal16 is already installed. Skipping...
[INFO] starship is already installed. Skipping...
[INFO] ttf-jetbrains-mono-nerd is already installed. Skipping...
[INFO] ttf-font-awesome is already installed. Skipping...
[INFO] git is already installed. Skipping...
[INFO] base-devel is already installed. Skipping...
[INFO] pantheon-polkit-agent is already installed. Skipping...
[INFO] qt5-wayland is already installed. Skipping...
[INFO] qt6-wayland is already installed. Skipping...
[INFO] xdg-desktop-portal-hyprland is already installed. Skipping...
[INFO] brightnessctl is already installed. Skipping...
[INFO] playerctl is already installed. Skipping...
[INFO] All packages are already installed.
[INFO] Checking for missing fonts...
[INFO] noto-fonts is already installed. Skipping...
[INFO] noto-fonts-cjk is already installed. Skipping...
[INFO] noto-fonts-emoji is already installed. Skipping...
[INFO] ttf-jetbrains-mono-nerd is already installed. Skipping...
[INFO] ttf-fira-code-nerd is missing. Adding to install list...
[INFO] ttf-hack-nerd is already installed. Skipping...
[INFO] ttf-iosevka-nerd is already installed. Skipping...
[INFO] otf-hermit-nerd is already installed. Skipping...
[INFO] otf-codenewroman-nerd is already installed. Skipping...
[INFO] ttf-nerd-fonts-symbols is already installed. Skipping...
[INFO] ttf-nerd-fonts-symbols-common is already installed. Skipping...
[INFO] apple-fonts is already installed. Skipping...
[INFO] ttf-ms-fonts is already installed. Skipping...
[INFO] ttf-roboto is already installed. Skipping...
[INFO] ttf-ubuntu-font-family is already installed. Skipping...
[INFO] inter-font is already installed. Skipping...
[INFO] Installing missing fonts: ttf-fira-code-nerd
[INFO] Enabling SDDM service...
[INFO] Configuring SDDM theme...
[SUCCESS] SDDM setup complete.
[INFO] Removing existing /home/rodwell/.config/fish (no backup)...
[INFO] Linking .config/fish...
[INFO] Removing existing /home/rodwell/.config/kitty (no backup)...
[INFO] Linking .config/kitty...
[INFO] Removing existing /home/rodwell/.config/hypr (no backup)...
[INFO] Linking .config/hypr...
[INFO] Removing existing /home/rodwell/.config/nvim (no backup)...
[INFO] Linking .config/nvim...
[INFO] Removing existing /home/rodwell/.config/waybar (no backup)...
[INFO] Linking .config/waybar...
[INFO] Removing existing /home/rodwell/.config/swaync (no backup)...
[INFO] Linking .config/swaync...
[INFO] Removing existing /home/rodwell/.config/wofi (no backup)...
[INFO] Linking .config/wofi...
[INFO] Removing existing /home/rodwell/.config/tofi (no backup)...
[INFO] Linking .config/tofi...
[INFO] Removing existing /home/rodwell/.config/wlogout (no backup)...
[INFO] Linking .config/wlogout...
[INFO] Removing existing /home/rodwell/.config/btop (no backup)...
[INFO] Linking .config/btop...
[INFO] Removing existing /home/rodwell/.config/cava (no backup)...
[INFO] Linking .config/cava...
[INFO] Removing existing /home/rodwell/.config/wal (no backup)...
[INFO] Linking .config/wal...
[INFO] Removing existing /home/rodwell/.config/mpd (no backup)...
[INFO] Linking .config/mpd...
[INFO] Removing existing /home/rodwell/.config/ncmpcpp (no backup)...
[INFO] Linking .config/ncmpcpp...
[INFO] Removing existing /home/rodwell/.config/clock-rs (no backup)...
[INFO] Linking .config/clock-rs...
[INFO] Removing existing /home/rodwell/.config/nwg-look (no backup)...
[INFO] Linking .config/nwg-look...
[INFO] Removing existing /home/rodwell/.config/starship.toml (no backup)...
[INFO] Linking .config/starship.toml...
[INFO] Removing existing /home/rodwell/wallpapers (no backup)...
[INFO] Linking wallpapers...
[INFO] Removing existing /home/rodwell/.local/bin (no backup)...
[INFO] Linking .local/bin...
[INFO] Removing existing /home/rodwell/.local/share/fonts (no backup)...
[INFO] Linking .local/share/fonts...
[INFO] Linking themes...
[INFO] Removing existing theme Catppuccin-Mocha (no backup)...
[INFO] Linking theme Catppuccin-Mocha...
[SUCCESS] Dotfiles linked!
[SUCCESS] Shell changed to Fish.
[SUCCESS] Installation complete!
